[debug] [2024-06-06T02:40:36.439Z] ----------------------------------------------------------------------
[debug] [2024-06-06T02:40:36.448Z] Command:       /usr/local/bin/node /usr/local/bin/firebase init
[debug] [2024-06-06T02:40:36.449Z] CLI Version:   13.7.5
[debug] [2024-06-06T02:40:36.450Z] Platform:      darwin
[debug] [2024-06-06T02:40:36.450Z] Node Version:  v20.11.0
[debug] [2024-06-06T02:40:36.450Z] Time:          Wed Jun 05 2024 22:40:36 GMT-0400 (Eastern Daylight Time)
[debug] [2024-06-06T02:40:36.451Z] ----------------------------------------------------------------------
[debug] 
[debug] [2024-06-06T02:40:36.456Z] >>> [apiv2][query] GET https://firebase-public.firebaseio.com/cli.json [none]
[debug] [2024-06-06T02:40:36.572Z] > command requires scopes: ["email","openid","https://www.googleapis.com/auth/cloudplatformprojects.readonly","https://www.googleapis.com/auth/firebase","https://www.googleapis.com/auth/cloud-platform"]
[debug] [2024-06-06T02:40:36.573Z] > authorizing via signed-in user (annabellelacombecardenas@gmail.com)
[info] 
     ######## #### ########  ######## ########     ###     ######  ########
     ##        ##  ##     ## ##       ##     ##  ##   ##  ##       ##
     ######    ##  ########  ######   ########  #########  ######  ######
     ##        ##  ##    ##  ##       ##     ## ##     ##       ## ##
     ##       #### ##     ## ######## ########  ##     ##  ######  ########

You're about to initialize a Firebase project in this directory:

  /Users/user/Downloads/4pa-iwra/travail-classe/tp-2-jse-tp2-tony-annabelle

[debug] [2024-06-06T02:40:36.794Z] <<< [apiv2][status] GET https://firebase-public.firebaseio.com/cli.json 200
[debug] [2024-06-06T02:40:36.796Z] <<< [apiv2][body] GET https://firebase-public.firebaseio.com/cli.json {"cloudBuildErrorAfter":1594252800000,"cloudBuildWarnAfter":1590019200000,"defaultNode10After":1594252800000,"minVersion":"3.0.5","node8DeploysDisabledAfter":1613390400000,"node8RuntimeDisabledAfter":1615809600000,"node8WarnAfter":1600128000000}
